<?xml version="1.0" encoding="UTF-8"?>
<testng-results ignored="0" total="2" passed="2" failed="0" skipped="0">
  <reporter-output>
  </reporter-output>
  <suite started-at="2022-06-04T06:38:03Z" name="Default suite" finished-at="2022-06-04T06:38:06Z" duration-ms="2019">
    <groups>
    </groups>
    <test started-at="2022-06-04T06:38:03Z" name="Default test" finished-at="2022-06-04T06:38:06Z" duration-ms="2019">
      <class name="restAPIXML.XMLTest">
        <test-method signature="test1()[pri:0, instance:restAPIXML.XMLTest@3e74829]" started-at="2022-06-04T06:38:03Z" name="test1" finished-at="2022-06-04T06:38:05Z" duration-ms="1344" status="PASS">
          <reporter-output>
          </reporter-output>
        </test-method> <!-- test1 -->
        <test-method signature="test2()[pri:0, instance:restAPIXML.XMLTest@3e74829]" started-at="2022-06-04T06:38:05Z" name="test2" finished-at="2022-06-04T06:38:05Z" duration-ms="658" status="PASS">
          <reporter-output>
          </reporter-output>
        </test-method> <!-- test2 -->
      </class> <!-- restAPIXML.XMLTest -->
    </test> <!-- Default test -->
  </suite> <!-- Default suite -->
</testng-results>
